<?xml version="1.0" encoding="utf-8"?>
<root>
  <test>
    Other test text.
  </test>
  <child>
    <subchild attr="other_test_attribute"/>
  </child>
</root>